TN:
SF:src/app/app.component.ts
FNF:0
FNH:0
DA:7,1
DA:8,1
LF:2
LH:2
BRF:0
BRH:0
end_of_record
TN:
SF:src/app/core/utils.ts
FN:4,(anonymous_0)
FN:7,(anonymous_1)
FNF:2
FNH:0
FNDA:0,(anonymous_0)
FNDA:0,(anonymous_1)
DA:3,1
DA:5,0
DA:8,0
LF:3
LH:1
BRDA:5,0,0,0
BRDA:5,0,1,0
BRDA:8,1,0,0
BRDA:8,1,1,0
BRF:4
BRH:0
end_of_record
TN:
SF:src/app/core/auth/auth-testing.helper.ts
FNF:0
FNH:0
DA:8,1
DA:13,1
DA:20,1
DA:21,3
DA:24,1
LF:5
LH:5
BRF:0
BRH:0
end_of_record
TN:
SF:src/app/core/auth/auth.client.ts
FN:11,(anonymous_0)
FN:13,(anonymous_1)
FN:16,(anonymous_2)
FN:19,(anonymous_3)
FNF:4
FNH:1
FNDA:5,(anonymous_0)
FNDA:0,(anonymous_1)
FNDA:0,(anonymous_2)
FNDA:0,(anonymous_3)
DA:10,1
DA:11,5
DA:14,0
DA:16,0
DA:20,0
LF:5
LH:2
BRF:0
BRH:0
end_of_record
TN:
SF:src/app/core/auth/auth.guard.ts
FN:12,(anonymous_0)
FN:14,(anonymous_1)
FN:16,(anonymous_2)
FN:20,(anonymous_3)
FNF:4
FNH:1
FNDA:1,(anonymous_0)
FNDA:0,(anonymous_1)
FNDA:0,(anonymous_2)
FNDA:0,(anonymous_3)
DA:11,1
DA:12,1
DA:15,0
DA:17,0
DA:21,0
LF:5
LH:2
BRDA:21,0,0,0
BRDA:21,0,1,0
BRF:2
BRH:0
end_of_record
TN:
SF:src/app/core/auth/auth.models.ts
FN:18,(anonymous_0)
FNF:1
FNH:1
FNDA:1,(anonymous_0)
DA:18,1
DA:19,1
DA:20,1
LF:3
LH:3
BRDA:18,0,0,1
BRDA:18,0,1,1
BRF:2
BRH:2
end_of_record
TN:
SF:src/app/core/auth/auth.service.ts
FN:54,(anonymous_0)
FN:39,(anonymous_1)
FN:47,(anonymous_2)
FN:63,(anonymous_3)
FN:66,(anonymous_4)
FN:67,(anonymous_5)
FN:74,(anonymous_6)
FN:79,(anonymous_7)
FN:81,(anonymous_8)
FN:82,(anonymous_9)
FN:86,(anonymous_10)
FN:91,(anonymous_11)
FN:96,(anonymous_12)
FN:101,(anonymous_13)
FN:108,(anonymous_14)
FN:113,(anonymous_15)
FNF:16
FNH:5
FNDA:4,(anonymous_0)
FNDA:0,(anonymous_1)
FNDA:0,(anonymous_2)
FNDA:0,(anonymous_3)
FNDA:0,(anonymous_4)
FNDA:0,(anonymous_5)
FNDA:0,(anonymous_6)
FNDA:3,(anonymous_7)
FNDA:3,(anonymous_8)
FNDA:3,(anonymous_9)
FNDA:4,(anonymous_10)
FNDA:0,(anonymous_11)
FNDA:0,(anonymous_12)
FNDA:0,(anonymous_13)
FNDA:0,(anonymous_14)
FNDA:0,(anonymous_15)
DA:24,1
DA:25,4
DA:26,4
DA:28,4
DA:33,4
DA:38,4
DA:40,0
DA:46,4
DA:48,0
DA:55,4
DA:56,4
DA:57,4
DA:58,4
DA:60,4
DA:64,0
DA:65,0
DA:66,0
DA:68,0
DA:69,0
DA:75,0
DA:76,0
DA:80,3
DA:81,3
DA:82,3
DA:87,4
DA:88,4
DA:92,0
DA:93,0
DA:97,0
DA:98,0
DA:102,0
DA:103,0
DA:104,0
DA:105,0
DA:109,0
DA:110,0
DA:114,0
DA:115,0
LF:38
LH:17
BRDA:40,0,0,0
BRDA:40,0,1,0
BRDA:48,1,0,0
BRDA:48,1,1,0
BRDA:48,2,0,0
BRDA:48,2,1,0
BRDA:60,3,0,4
BRDA:60,3,1,0
BRDA:81,4,0,3
BRDA:81,4,1,0
BRDA:88,5,0,0
BRDA:88,5,1,4
BRF:12
BRH:3
end_of_record
TN:
SF:src/app/core/auth/auth.state.ts
FN:14,(anonymous_1)
FN:20,(anonymous_2)
FN:24,(anonymous_3)
FN:28,(anonymous_4)
FN:32,(anonymous_5)
FN:36,(anonymous_6)
FN:40,(anonymous_7)
FNF:7
FNH:0
FNDA:0,(anonymous_1)
FNDA:0,(anonymous_2)
FNDA:0,(anonymous_3)
FNDA:0,(anonymous_4)
FNDA:0,(anonymous_5)
FNDA:0,(anonymous_6)
FNDA:0,(anonymous_7)
DA:7,1
DA:8,5
DA:9,5
DA:11,5
DA:12,5
DA:13,5
DA:14,0
DA:17,5
DA:18,5
DA:21,0
DA:25,0
DA:29,0
DA:33,0
DA:37,0
DA:41,0
LF:15
LH:8
BRF:0
BRH:0
end_of_record
TN:
SF:src/app/core/auth/auth.storage.ts
FN:9,(anonymous_0)
FN:11,(anonymous_1)
FN:15,(anonymous_2)
FN:19,(anonymous_3)
FN:23,(anonymous_4)
FNF:5
FNH:2
FNDA:5,(anonymous_0)
FNDA:4,(anonymous_1)
FNDA:0,(anonymous_2)
FNDA:0,(anonymous_3)
FNDA:0,(anonymous_4)
DA:6,1
DA:7,5
DA:12,4
DA:16,0
DA:20,0
DA:24,0
LF:6
LH:3
BRF:0
BRH:0
end_of_record
TN:
SF:src/app/core/auth/auth.utils.ts
FN:3,tokenIsExpired
FNF:1
FNH:0
FNDA:0,tokenIsExpired
DA:4,0
DA:6,0
DA:7,0
DA:8,0
DA:9,0
DA:12,0
LF:6
LH:0
BRDA:6,0,0,0
BRF:1
BRH:0
end_of_record
TN:
SF:src/app/core/auth/is-granted.directive.ts
FN:21,(anonymous_0)
FN:27,(anonymous_1)
FN:30,(anonymous_2)
FN:34,(anonymous_3)
FN:44,(anonymous_4)
FNF:5
FNH:5
FNDA:2,(anonymous_0)
FNDA:2,(anonymous_1)
FNDA:2,(anonymous_2)
FNDA:2,(anonymous_3)
FNDA:2,(anonymous_4)
DA:17,1
DA:19,2
DA:22,2
DA:23,2
DA:24,2
DA:28,2
DA:30,2
DA:35,2
DA:36,1
DA:39,1
DA:40,0
DA:45,2
LF:12
LH:11
BRDA:35,0,0,1
BRDA:35,0,1,1
BRDA:35,1,0,2
BRDA:35,1,1,1
BRDA:39,2,0,0
BRDA:39,3,0,1
BRDA:39,3,1,1
BRF:7
BRH:6
end_of_record
TN:
SF:src/app/core/auth/jwt.interceptor.ts
FN:23,(anonymous_0)
FN:25,(anonymous_1)
FN:30,(anonymous_2)
FN:44,(anonymous_3)
FN:49,(anonymous_4)
FNF:5
FNH:1
FNDA:1,(anonymous_0)
FNDA:0,(anonymous_1)
FNDA:0,(anonymous_2)
FNDA:0,(anonymous_3)
FNDA:0,(anonymous_4)
DA:22,1
DA:23,1
DA:29,0
DA:31,0
DA:36,0
DA:42,0
DA:44,0
DA:50,0
DA:54,0
DA:57,0
LF:10
LH:2
BRDA:33,0,0,0
BRDA:33,0,1,0
BRDA:50,1,0,0
BRDA:51,2,0,0
BRDA:51,2,1,0
BRF:5
BRH:0
end_of_record
TN:
SF:src/app/core/auth/not-auth.guard.ts
FN:12,(anonymous_0)
FN:14,(anonymous_1)
FN:16,(anonymous_2)
FN:23,(anonymous_3)
FNF:4
FNH:1
FNDA:1,(anonymous_0)
FNDA:0,(anonymous_1)
FNDA:0,(anonymous_2)
FNDA:0,(anonymous_3)
DA:11,1
DA:12,1
DA:15,0
DA:17,0
DA:24,0
LF:5
LH:2
BRDA:24,0,0,0
BRDA:24,0,1,0
BRF:2
BRH:0
end_of_record
TN:
SF:src/app/core/error/error.service.ts
FN:9,(anonymous_0)
FN:22,(anonymous_1)
FN:46,(anonymous_2)
FN:53,(anonymous_3)
FNF:4
FNH:0
FNDA:0,(anonymous_0)
FNDA:0,(anonymous_1)
FNDA:0,(anonymous_2)
FNDA:0,(anonymous_3)
DA:8,1
DA:10,0
DA:11,0
DA:12,0
DA:13,0
DA:16,0
DA:23,0
DA:29,0
DA:31,0
DA:33,0
DA:34,0
DA:35,0
DA:36,0
DA:37,0
DA:38,0
DA:39,0
DA:43,0
DA:47,0
DA:54,0
DA:58,0
LF:20
LH:1
BRDA:10,0,0,0
BRDA:10,0,1,0
BRDA:12,1,0,0
BRDA:17,2,0,0
BRDA:17,2,1,0
BRDA:18,3,0,0
BRDA:18,3,1,0
BRDA:29,4,0,0
BRDA:29,4,1,0
BRDA:31,5,0,0
BRDA:31,5,1,0
BRDA:33,6,0,0
BRDA:35,7,0,0
BRDA:35,7,1,0
BRDA:38,8,0,0
BRDA:54,9,0,0
BRDA:54,9,1,0
BRDA:58,10,0,0
BRDA:58,10,1,0
BRF:19
BRH:0
end_of_record
TN:
SF:src/app/core/error/global-error.handler.ts
FN:9,(anonymous_0)
FN:11,(anonymous_1)
FNF:2
FNH:1
FNDA:1,(anonymous_0)
FNDA:0,(anonymous_1)
DA:8,1
DA:9,1
DA:12,0
DA:13,0
LF:4
LH:2
BRF:0
BRH:0
end_of_record
TN:
SF:src/app/core/snack-bar/snack-bar-testing.helper.ts
FNF:0
FNH:0
DA:5,1
LF:1
LH:1
BRF:0
BRH:0
end_of_record
TN:
SF:src/app/core/snack-bar/snack-bar.service.ts
FN:11,(anonymous_0)
FN:13,(anonymous_1)
FNF:2
FNH:1
FNDA:1,(anonymous_0)
FNDA:0,(anonymous_1)
DA:10,1
DA:11,1
DA:14,0
LF:3
LH:2
BRF:0
BRH:0
end_of_record
TN:
SF:src/app/modules/data/data.component.ts
FN:11,(anonymous_0)
FNF:1
FNH:1
FNDA:1,(anonymous_0)
DA:8,1
DA:9,1
DA:11,1
LF:3
LH:3
BRF:0
BRH:0
end_of_record
TN:
SF:src/app/modules/data/data-dialog-edit/data-dialog-edit.component.ts
FN:9,(anonymous_0)
FN:14,(anonymous_1)
FNF:2
FNH:1
FNDA:1,(anonymous_0)
FNDA:0,(anonymous_1)
DA:8,1
DA:10,1
DA:11,1
DA:15,0
LF:4
LH:3
BRF:0
BRH:0
end_of_record
TN:
SF:src/app/modules/data/data-dialog-upload/data-dialog-upload.component.ts
FN:9,(anonymous_0)
FN:11,(anonymous_1)
FNF:2
FNH:1
FNDA:1,(anonymous_0)
FNDA:0,(anonymous_1)
DA:8,1
DA:9,1
DA:12,0
LF:3
LH:2
BRF:0
BRH:0
end_of_record
TN:
SF:src/app/modules/data/data-form/data-form.component.ts
FN:46,(anonymous_0)
FN:52,(anonymous_1)
FN:56,(anonymous_2)
FN:61,(anonymous_3)
FN:65,(anonymous_4)
FN:71,(anonymous_5)
FN:75,(anonymous_6)
FN:85,(anonymous_7)
FN:89,(anonymous_8)
FN:101,(anonymous_9)
FN:106,(anonymous_10)
FN:110,(anonymous_11)
FN:111,(anonymous_12)
FN:119,(anonymous_13)
FN:123,(anonymous_14)
FN:124,(anonymous_15)
FN:134,(anonymous_16)
FN:138,(anonymous_17)
FN:143,(anonymous_18)
FNF:19
FNH:7
FNDA:1,(anonymous_0)
FNDA:1,(anonymous_1)
FNDA:0,(anonymous_2)
FNDA:4,(anonymous_3)
FNDA:2,(anonymous_4)
FNDA:2,(anonymous_5)
FNDA:0,(anonymous_6)
FNDA:2,(anonymous_7)
FNDA:0,(anonymous_8)
FNDA:0,(anonymous_9)
FNDA:0,(anonymous_10)
FNDA:0,(anonymous_11)
FNDA:0,(anonymous_12)
FNDA:0,(anonymous_13)
FNDA:0,(anonymous_14)
FNDA:0,(anonymous_15)
FNDA:0,(anonymous_16)
FNDA:0,(anonymous_17)
FNDA:1,(anonymous_18)
DA:22,1
DA:27,1
DA:29,1
DA:34,1
DA:47,1
DA:48,1
DA:49,1
DA:53,1
DA:54,0
DA:56,0
DA:62,4
DA:66,2
DA:72,2
DA:76,0
DA:77,0
DA:80,0
DA:86,2
DA:90,0
DA:91,0
DA:94,0
DA:102,0
DA:103,0
DA:107,0
DA:110,0
DA:112,0
DA:113,0
DA:120,0
DA:123,0
DA:125,0
DA:126,0
DA:135,0
DA:139,0
DA:140,0
DA:144,1
DA:145,1
DA:146,1
LF:36
LH:15
BRDA:53,0,0,0
BRDA:66,1,0,2
BRDA:66,1,1,0
BRDA:76,2,0,0
BRDA:80,3,0,0
BRDA:80,3,1,0
BRDA:90,4,0,0
BRDA:94,5,0,0
BRDA:94,5,1,0
BRDA:103,6,0,0
BRDA:103,6,1,0
BRDA:144,7,0,1
BRDA:144,7,1,0
BRDA:145,8,0,1
BRDA:145,8,1,0
BRDA:146,9,0,1
BRDA:146,9,1,0
BRF:17
BRH:4
end_of_record
TN:
SF:src/app/modules/data/data-table/data-table-testing.helper.ts
FN:5,(anonymous_0)
FNF:1
FNH:1
FNDA:2,(anonymous_0)
DA:6,2
DA:10,1
LF:2
LH:2
BRF:0
BRH:0
end_of_record
TN:
SF:src/app/modules/data/data-table/data-table.client.ts
FN:13,(anonymous_0)
FN:15,(anonymous_1)
FN:19,(anonymous_2)
FN:23,(anonymous_3)
FN:27,(anonymous_4)
FN:31,(anonymous_5)
FNF:6
FNH:1
FNDA:2,(anonymous_0)
FNDA:0,(anonymous_1)
FNDA:0,(anonymous_2)
FNDA:0,(anonymous_3)
FNDA:0,(anonymous_4)
FNDA:0,(anonymous_5)
DA:10,1
DA:11,2
DA:13,2
DA:16,0
DA:20,0
DA:24,0
DA:28,0
DA:32,0
LF:8
LH:3
BRF:0
BRH:0
end_of_record
TN:
SF:src/app/modules/data/data-table/data-table.component.ts
FN:22,(anonymous_0)
FN:29,(anonymous_1)
FN:38,(anonymous_2)
FN:42,(anonymous_3)
FN:50,(anonymous_4)
FN:53,(anonymous_5)
FN:62,(anonymous_6)
FN:71,(anonymous_7)
FN:80,(anonymous_8)
FNF:9
FNH:5
FNDA:1,(anonymous_0)
FNDA:1,(anonymous_1)
FNDA:1,(anonymous_2)
FNDA:1,(anonymous_3)
FNDA:0,(anonymous_4)
FNDA:0,(anonymous_5)
FNDA:0,(anonymous_6)
FNDA:0,(anonymous_7)
FNDA:1,(anonymous_8)
DA:15,1
DA:16,1
DA:17,1
DA:18,1
DA:19,1
DA:20,1
DA:23,1
DA:24,1
DA:25,1
DA:26,1
DA:30,1
DA:31,1
DA:39,1
DA:43,1
DA:51,0
DA:52,0
DA:54,0
DA:63,0
DA:72,0
DA:81,1
LF:20
LH:15
BRDA:43,0,0,1
BRDA:43,0,1,0
BRDA:51,1,0,0
BRF:3
BRH:1
end_of_record
TN:
SF:src/app/modules/data/data-table/data-table.service.ts
FN:17,(anonymous_0)
FN:19,(anonymous_1)
FN:23,(anonymous_2)
FN:32,(anonymous_3)
FN:33,(anonymous_4)
FN:40,(anonymous_5)
FN:43,(anonymous_6)
FN:44,(anonymous_7)
FN:51,(anonymous_8)
FN:54,(anonymous_9)
FN:55,(anonymous_10)
FN:62,(anonymous_11)
FN:65,(anonymous_12)
FN:66,(anonymous_13)
FN:73,(anonymous_14)
FN:77,(anonymous_15)
FN:81,(anonymous_16)
FN:86,(anonymous_17)
FN:91,(anonymous_18)
FN:96,(anonymous_19)
FNF:20
FNH:1
FNDA:1,(anonymous_0)
FNDA:0,(anonymous_1)
FNDA:0,(anonymous_2)
FNDA:0,(anonymous_3)
FNDA:0,(anonymous_4)
FNDA:0,(anonymous_5)
FNDA:0,(anonymous_6)
FNDA:0,(anonymous_7)
FNDA:0,(anonymous_8)
FNDA:0,(anonymous_9)
FNDA:0,(anonymous_10)
FNDA:0,(anonymous_11)
FNDA:0,(anonymous_12)
FNDA:0,(anonymous_13)
FNDA:0,(anonymous_14)
FNDA:0,(anonymous_15)
FNDA:0,(anonymous_16)
FNDA:0,(anonymous_17)
FNDA:0,(anonymous_18)
FNDA:0,(anonymous_19)
DA:11,1
DA:12,1
DA:13,1
DA:14,1
DA:15,1
DA:17,1
DA:20,0
DA:28,0
DA:30,0
DA:31,0
DA:32,0
DA:34,0
DA:35,0
DA:41,0
DA:42,0
DA:43,0
DA:45,0
DA:46,0
DA:52,0
DA:53,0
DA:54,0
DA:56,0
DA:57,0
DA:63,0
DA:64,0
DA:65,0
DA:67,0
DA:68,0
DA:74,0
DA:78,0
DA:82,0
DA:83,0
DA:87,0
DA:88,0
DA:92,0
DA:93,0
DA:97,0
DA:98,0
LF:38
LH:6
BRF:0
BRH:0
end_of_record
TN:
SF:src/app/modules/data/data-table/data-table.state.ts
FN:30,(anonymous_1)
FN:34,(anonymous_2)
FN:38,(anonymous_3)
FN:42,(anonymous_4)
FN:46,(anonymous_5)
FN:48,(anonymous_6)
FN:54,(anonymous_7)
FN:55,(anonymous_8)
FN:58,(anonymous_9)
FN:62,(anonymous_10)
FN:66,(anonymous_11)
FN:70,(anonymous_12)
FN:74,(anonymous_13)
FN:78,(anonymous_14)
FN:80,(anonymous_15)
FNF:15
FNH:0
FNDA:0,(anonymous_1)
FNDA:0,(anonymous_2)
FNDA:0,(anonymous_3)
FNDA:0,(anonymous_4)
FNDA:0,(anonymous_5)
FNDA:0,(anonymous_6)
FNDA:0,(anonymous_7)
FNDA:0,(anonymous_8)
FNDA:0,(anonymous_9)
FNDA:0,(anonymous_10)
FNDA:0,(anonymous_11)
FNDA:0,(anonymous_12)
FNDA:0,(anonymous_13)
FNDA:0,(anonymous_14)
FNDA:0,(anonymous_15)
DA:8,1
DA:9,2
DA:10,2
DA:12,2
DA:13,2
DA:15,2
DA:16,2
DA:18,2
DA:27,2
DA:28,2
DA:31,0
DA:35,0
DA:39,0
DA:43,0
DA:47,0
DA:49,0
DA:55,0
DA:59,0
DA:63,0
DA:67,0
DA:71,0
DA:75,0
DA:79,0
DA:80,0
LF:24
LH:10
BRDA:49,0,0,0
BRDA:49,0,1,0
BRF:2
BRH:0
end_of_record
TN:
SF:src/app/modules/data/data-toolbar/data-toolbar.component.ts
FN:14,(anonymous_0)
FN:16,(anonymous_1)
FN:20,(anonymous_2)
FNF:3
FNH:1
FNDA:1,(anonymous_0)
FNDA:0,(anonymous_1)
FNDA:0,(anonymous_2)
DA:11,1
DA:12,1
DA:14,1
DA:17,0
DA:21,0
LF:5
LH:3
BRF:0
BRH:0
end_of_record
TN:
SF:src/app/modules/data/data-upload/data-upload-form.component.ts
FN:22,(anonymous_1)
FN:31,(anonymous_2)
FN:36,(anonymous_3)
FNF:3
FNH:0
FNDA:0,(anonymous_1)
FNDA:0,(anonymous_2)
FNDA:0,(anonymous_3)
DA:15,1
DA:17,2
DA:18,2
DA:19,2
DA:23,0
DA:24,0
DA:26,0
DA:27,0
DA:32,0
DA:33,0
DA:37,0
DA:38,0
LF:12
LH:4
BRDA:26,0,0,0
BRF:1
BRH:0
end_of_record
TN:
SF:src/app/modules/data/data-upload/data-upload.component.ts
FN:19,(anonymous_0)
FN:25,(anonymous_1)
FN:29,(anonymous_2)
FN:33,(anonymous_3)
FN:40,(anonymous_4)
FN:46,(anonymous_5)
FN:51,(anonymous_6)
FNF:7
FNH:4
FNDA:1,(anonymous_0)
FNDA:1,(anonymous_1)
FNDA:0,(anonymous_2)
FNDA:0,(anonymous_3)
FNDA:0,(anonymous_4)
FNDA:1,(anonymous_5)
FNDA:1,(anonymous_6)
DA:12,1
DA:13,1
DA:14,1
DA:16,1
DA:17,1
DA:20,1
DA:21,1
DA:22,1
DA:26,1
DA:30,0
DA:32,0
DA:34,0
DA:38,0
DA:41,0
DA:48,1
DA:52,1
DA:53,1
LF:17
LH:12
BRF:0
BRH:0
end_of_record
TN:
SF:src/app/modules/data/data-upload/data-upload.service.ts
FN:11,(anonymous_0)
FN:13,(anonymous_1)
FN:19,(anonymous_2)
FNF:3
FNH:1
FNDA:1,(anonymous_0)
FNDA:0,(anonymous_1)
FNDA:0,(anonymous_2)
DA:10,1
DA:11,1
DA:14,0
DA:15,0
DA:17,0
DA:19,0
LF:6
LH:2
BRF:0
BRH:0
end_of_record
TN:
SF:src/app/modules/login/login.component.ts
FN:17,(anonymous_0)
FN:24,(anonymous_1)
FN:32,(anonymous_2)
FNF:3
FNH:2
FNDA:1,(anonymous_0)
FNDA:0,(anonymous_1)
FNDA:1,(anonymous_2)
DA:11,1
DA:14,1
DA:15,1
DA:17,1
DA:18,1
DA:25,0
DA:27,0
DA:28,0
DA:33,1
LF:9
LH:6
BRDA:27,0,0,0
BRDA:27,1,0,0
BRDA:27,1,1,0
BRDA:33,2,0,1
BRDA:33,2,1,0
BRF:5
BRH:1
end_of_record
TN:
SF:src/app/pages/page-not-found/page-not-found.component.ts
FNF:0
FNH:0
DA:12,1
LF:1
LH:1
BRF:0
BRH:0
end_of_record
TN:
SF:src/app/shared/material.module.ts
FNF:0
FNH:0
DA:47,1
LF:1
LH:1
BRF:0
BRH:0
end_of_record
TN:
SF:src/app/shared/shared.module.ts
FNF:0
FNH:0
DA:17,1
LF:1
LH:1
BRF:0
BRH:0
end_of_record
TN:
SF:src/app/shared/utils.ts
FN:1,(anonymous_0)
FN:3,(anonymous_1)
FNF:2
FNH:0
FNDA:0,(anonymous_0)
FNDA:0,(anonymous_1)
DA:1,1
DA:2,0
DA:3,0
DA:6,0
LF:4
LH:1
BRDA:3,0,0,0
BRDA:3,0,1,0
BRF:2
BRH:0
end_of_record
TN:
SF:src/environments/environment.ts
FNF:0
FNH:0
DA:5,1
LF:1
LH:1
BRF:0
BRH:0
end_of_record
